2021-02-26T08:14:03.2708754+02:00 0HM6Q3MQRQOF7:0000009D [ERR] An exception occurred while iterating over the results of a query for context type '"learner_portal.Models.LearnerContext"'."
""System.ArgumentOutOfRangeException: Index was out of range. Must be non-negative and less than the size of the collection. (Parameter 'index')
   at lambda_method(Closure , QueryContext , DbDataReader , ResultContext , Int32[] , ResultCoordinator )
   at Microsoft.EntityFrameworkCore.Query.Internal.QueryingEnumerable`1.AsyncEnumerator.MoveNextAsync()" (f5c7ac34)
System.ArgumentOutOfRangeException: Index was out of range. Must be non-negative and less than the size of the collection. (Parameter 'index')
   at lambda_method(Closure , QueryContext , DbDataReader , ResultContext , Int32[] , ResultCoordinator )
   at Microsoft.EntityFrameworkCore.Query.Internal.QueryingEnumerable`1.AsyncEnumerator.MoveNextAsync()
   at Microsoft.EntityFrameworkCore.EntityFrameworkQueryableExtensions.ToListAsync[TSource](IQueryable`1 source, CancellationToken cancellationToken)
   at Microsoft.EntityFrameworkCore.EntityFrameworkQueryableExtensions.ToListAsync[TSource](IQueryable`1 source, CancellationToken cancellationToken)
   at learner_portal.Services.LookUpService.GetCompanyDetails() in /home/endorsed/code/learner_portal/Services/LookUpService.cs:line 590
   at learner_portal.Controllers.CompaniesController.GetAllCompanies() in /home/endorsed/code/learner_portal/Controllers/CompaniesController.cs:line 63
   at lambda_method(Closure , Object )
   at Microsoft.Extensions.Internal.ObjectMethodExecutorAwaitable.Awaiter.GetResult()
   at Microsoft.AspNetCore.Mvc.Infrastructure.ActionMethodExecutor.TaskOfActionResultExecutor.Execute(IActionResultTypeMapper mapper, ObjectMethodExecutor executor, Object controller, Object[] arguments)
2021-02-26T08:14:03.2801993+02:00 0HM6Q3MQRQOF7:0000009D [ERR] An unhandled exception has occurred while executing the request. (48a46595)
System.ArgumentOutOfRangeException: Index was out of range. Must be non-negative and less than the size of the collection. (Parameter 'index')
   at lambda_method(Closure , QueryContext , DbDataReader , ResultContext , Int32[] , ResultCoordinator )
   at Microsoft.EntityFrameworkCore.Query.Internal.QueryingEnumerable`1.AsyncEnumerator.MoveNextAsync()
   at Microsoft.EntityFrameworkCore.EntityFrameworkQueryableExtensions.ToListAsync[TSource](IQueryable`1 source, CancellationToken cancellationToken)
   at Microsoft.EntityFrameworkCore.EntityFrameworkQueryableExtensions.ToListAsync[TSource](IQueryable`1 source, CancellationToken cancellationToken)
   at learner_portal.Services.LookUpService.GetCompanyDetails() in /home/endorsed/code/learner_portal/Services/LookUpService.cs:line 590
   at learner_portal.Controllers.CompaniesController.GetAllCompanies() in /home/endorsed/code/learner_portal/Controllers/CompaniesController.cs:line 63
   at lambda_method(Closure , Object )
   at Microsoft.Extensions.Internal.ObjectMethodExecutorAwaitable.Awaiter.GetResult()
   at Microsoft.AspNetCore.Mvc.Infrastructure.ActionMethodExecutor.TaskOfActionResultExecutor.Execute(IActionResultTypeMapper mapper, ObjectMethodExecutor executor, Object controller, Object[] arguments)
   at Microsoft.AspNetCore.Mvc.Infrastructure.ControllerActionInvoker.<InvokeActionMethodAsync>g__Awaited|12_0(ControllerActionInvoker invoker, ValueTask`1 actionResultValueTask)
   at Microsoft.AspNetCore.Mvc.Infrastructure.ControllerActionInvoker.<InvokeNextActionFilterAsync>g__Awaited|10_0(ControllerActionInvoker invoker, Task lastTask, State next, Scope scope, Object state, Boolean isCompleted)
   at Microsoft.AspNetCore.Mvc.Infrastructure.ControllerActionInvoker.Rethrow(ActionExecutedContextSealed context)
   at Microsoft.AspNetCore.Mvc.Infrastructure.ControllerActionInvoker.Next(State& next, Scope& scope, Object& state, Boolean& isCompleted)
   at Microsoft.AspNetCore.Mvc.Infrastructure.ControllerActionInvoker.<InvokeInnerFilterAsync>g__Awaited|13_0(ControllerActionInvoker invoker, Task lastTask, State next, Scope scope, Object state, Boolean isCompleted)
   at Microsoft.AspNetCore.Mvc.Infrastructure.ResourceInvoker.<InvokeNextResourceFilter>g__Awaited|24_0(ResourceInvoker invoker, Task lastTask, State next, Scope scope, Object state, Boolean isCompleted)
   at Microsoft.AspNetCore.Mvc.Infrastructure.ResourceInvoker.Rethrow(ResourceExecutedContextSealed context)
   at Microsoft.AspNetCore.Mvc.Infrastructure.ResourceInvoker.Next(State& next, Scope& scope, Object& state, Boolean& isCompleted)
   at Microsoft.AspNetCore.Mvc.Infrastructure.ResourceInvoker.<InvokeFilterPipelineAsync>g__Awaited|19_0(ResourceInvoker invoker, Task lastTask, State next, Scope scope, Object state, Boolean isCompleted)
   at Microsoft.AspNetCore.Mvc.Infrastructure.ResourceInvoker.<InvokeAsync>g__Awaited|17_0(ResourceInvoker invoker, Task task, IDisposable scope)
   at Microsoft.AspNetCore.Routing.EndpointMiddleware.<Invoke>g__AwaitRequestTask|6_0(Endpoint endpoint, Task requestTask, ILogger logger)
   at Microsoft.AspNetCore.Session.SessionMiddleware.Invoke(HttpContext context)
   at Microsoft.AspNetCore.Session.SessionMiddleware.Invoke(HttpContext context)
   at Microsoft.AspNetCore.Authorization.AuthorizationMiddleware.Invoke(HttpContext context)
   at Microsoft.AspNetCore.Authentication.AuthenticationMiddleware.Invoke(HttpContext context)
   at Microsoft.AspNetCore.Diagnostics.ExceptionHandlerMiddleware.<Invoke>g__Awaited|6_0(ExceptionHandlerMiddleware middleware, HttpContext context, Task task)
2021-02-26T08:46:38.9931273+02:00  [INF] Application is shutting down... (90f52c38)
2021-02-26T08:47:52.4674822+02:00  [INF] Now listening on: "https://localhost:5001" (d826f4b8)
2021-02-26T08:47:52.4699786+02:00  [INF] Now listening on: "http://localhost:5000" (d826f4b8)
2021-02-26T08:47:52.4701256+02:00  [INF] Application started. Press Ctrl+C to shut down. (dcaefe54)
2021-02-26T08:47:52.4701888+02:00  [INF] Hosting environment: "Production" (c3307c92)
2021-02-26T08:47:52.4702127+02:00  [INF] Content root path: "/home/endorsed/code/learner_portal" (b5d60022)
2021-02-26T08:51:32.9397857+02:00  [INF] Application is shutting down... (90f52c38)
2021-02-26T08:51:42.0917432+02:00  [INF] Now listening on: "https://localhost:5001" (d826f4b8)
2021-02-26T08:51:42.0941522+02:00  [INF] Now listening on: "http://localhost:5000" (d826f4b8)
2021-02-26T08:51:42.0943244+02:00  [INF] Application started. Press Ctrl+C to shut down. (dcaefe54)
2021-02-26T08:51:42.0943833+02:00  [INF] Hosting environment: "Production" (c3307c92)
2021-02-26T08:51:42.0944242+02:00  [INF] Content root path: "/home/endorsed/code/learner_portal" (b5d60022)
2021-02-26T08:57:00.6167216+02:00  [INF] Application is shutting down... (90f52c38)
2021-02-26T08:57:09.7264736+02:00  [INF] Now listening on: "https://localhost:5001" (d826f4b8)
2021-02-26T08:57:09.7292128+02:00  [INF] Now listening on: "http://localhost:5000" (d826f4b8)
2021-02-26T08:57:09.7293973+02:00  [INF] Application started. Press Ctrl+C to shut down. (dcaefe54)
2021-02-26T08:57:09.7294349+02:00  [INF] Hosting environment: "Production" (c3307c92)
2021-02-26T08:57:09.7294700+02:00  [INF] Content root path: "/home/endorsed/code/learner_portal" (b5d60022)
2021-02-26T08:57:12.9002420+02:00 0HM6Q4EUQBN33:00000003 [ERR] An unhandled exception has occurred while executing the request. (48a46595)
System.Exception: Please correct the following errors: 
Please enter Code; Please enter Name
   at learner_portal.Controllers.AddressTypesController.Create(AddressType addressType) in /home/endorsed/code/learner_portal/Controllers/AddressTypesController.cs:line 119
   at Microsoft.AspNetCore.Mvc.Infrastructure.ActionMethodExecutor.TaskOfIActionResultExecutor.Execute(IActionResultTypeMapper mapper, ObjectMethodExecutor executor, Object controller, Object[] arguments)
   at Microsoft.AspNetCore.Mvc.Infrastructure.ControllerActionInvoker.<InvokeActionMethodAsync>g__Awaited|12_0(ControllerActionInvoker invoker, ValueTask`1 actionResultValueTask)
   at Microsoft.AspNetCore.Mvc.Infrastructure.ControllerActionInvoker.<InvokeNextActionFilterAsync>g__Awaited|10_0(ControllerActionInvoker invoker, Task lastTask, State next, Scope scope, Object state, Boolean isCompleted)
   at Microsoft.AspNetCore.Mvc.Infrastructure.ControllerActionInvoker.Rethrow(ActionExecutedContextSealed context)
   at Microsoft.AspNetCore.Mvc.Infrastructure.ControllerActionInvoker.Next(State& next, Scope& scope, Object& state, Boolean& isCompleted)
   at Microsoft.AspNetCore.Mvc.Infrastructure.ControllerActionInvoker.InvokeInnerFilterAsync()
--- End of stack trace from previous location where exception was thrown ---
   at Microsoft.AspNetCore.Mvc.Infrastructure.ResourceInvoker.<InvokeNextResourceFilter>g__Awaited|24_0(ResourceInvoker invoker, Task lastTask, State next, Scope scope, Object state, Boolean isCompleted)
   at Microsoft.AspNetCore.Mvc.Infrastructure.ResourceInvoker.Rethrow(ResourceExecutedContextSealed context)
   at Microsoft.AspNetCore.Mvc.Infrastructure.ResourceInvoker.Next(State& next, Scope& scope, Object& state, Boolean& isCompleted)
   at Microsoft.AspNetCore.Mvc.Infrastructure.ResourceInvoker.InvokeFilterPipelineAsync()
--- End of stack trace from previous location where exception was thrown ---
   at Microsoft.AspNetCore.Mvc.Infrastructure.ResourceInvoker.<InvokeAsync>g__Awaited|17_0(ResourceInvoker invoker, Task task, IDisposable scope)
   at Microsoft.AspNetCore.Routing.EndpointMiddleware.<Invoke>g__AwaitRequestTask|6_0(Endpoint endpoint, Task requestTask, ILogger logger)
   at Microsoft.AspNetCore.Session.SessionMiddleware.Invoke(HttpContext context)
   at Microsoft.AspNetCore.Session.SessionMiddleware.Invoke(HttpContext context)
   at Microsoft.AspNetCore.Authorization.AuthorizationMiddleware.Invoke(HttpContext context)
   at Microsoft.AspNetCore.Authentication.AuthenticationMiddleware.Invoke(HttpContext context)
   at Microsoft.AspNetCore.Diagnostics.ExceptionHandlerMiddleware.<Invoke>g__Awaited|6_0(ExceptionHandlerMiddleware middleware, HttpContext context, Task task)
2021-02-26T08:59:29.9615561+02:00  [INF] Application is shutting down... (90f52c38)
2021-02-26T08:59:38.9249843+02:00  [INF] Now listening on: "https://localhost:5001" (d826f4b8)
2021-02-26T08:59:38.9272765+02:00  [INF] Now listening on: "http://localhost:5000" (d826f4b8)
2021-02-26T08:59:38.9274249+02:00  [INF] Application started. Press Ctrl+C to shut down. (dcaefe54)
2021-02-26T08:59:38.9274526+02:00  [INF] Hosting environment: "Production" (c3307c92)
2021-02-26T08:59:38.9274884+02:00  [INF] Content root path: "/home/endorsed/code/learner_portal" (b5d60022)
2021-02-26T09:07:59.7970395+02:00  [INF] Application is shutting down... (90f52c38)
2021-02-26T09:08:08.5182053+02:00  [INF] Now listening on: "https://localhost:5001" (d826f4b8)
2021-02-26T09:08:08.5204762+02:00  [INF] Now listening on: "http://localhost:5000" (d826f4b8)
2021-02-26T09:08:08.5206347+02:00  [INF] Application started. Press Ctrl+C to shut down. (dcaefe54)
2021-02-26T09:08:08.5206850+02:00  [INF] Hosting environment: "Production" (c3307c92)
2021-02-26T09:08:08.5207208+02:00  [INF] Content root path: "/home/endorsed/code/learner_portal" (b5d60022)
2021-02-26T09:14:26.7820921+02:00  [INF] Application is shutting down... (90f52c38)
2021-02-26T09:14:35.0265554+02:00  [INF] Now listening on: "https://localhost:5001" (d826f4b8)
2021-02-26T09:14:35.0290157+02:00  [INF] Now listening on: "http://localhost:5000" (d826f4b8)
2021-02-26T09:14:35.0291334+02:00  [INF] Application started. Press Ctrl+C to shut down. (dcaefe54)
2021-02-26T09:14:35.0291638+02:00  [INF] Hosting environment: "Production" (c3307c92)
2021-02-26T09:14:35.0291933+02:00  [INF] Content root path: "/home/endorsed/code/learner_portal" (b5d60022)
2021-02-26T11:17:17.6337893+02:00  [INF] Application is shutting down... (90f52c38)
2021-02-26T19:38:40.0165077+02:00  [INF] Now listening on: "https://localhost:5001" (d826f4b8)
2021-02-26T19:38:40.0199753+02:00  [INF] Now listening on: "http://localhost:5000" (d826f4b8)
2021-02-26T19:38:40.0201209+02:00  [INF] Application started. Press Ctrl+C to shut down. (dcaefe54)
2021-02-26T19:38:40.0201680+02:00  [INF] Hosting environment: "Production" (c3307c92)
2021-02-26T19:38:40.0201919+02:00  [INF] Content root path: "/home/endorsed/code/learner_portal" (b5d60022)
2021-02-26T19:46:42.6649355+02:00  [INF] Now listening on: "https://localhost:5001" (d826f4b8)
2021-02-26T19:46:42.6672490+02:00  [INF] Now listening on: "http://localhost:5000" (d826f4b8)
2021-02-26T19:46:42.6673713+02:00  [INF] Application started. Press Ctrl+C to shut down. (dcaefe54)
2021-02-26T19:46:42.6674235+02:00  [INF] Hosting environment: "Production" (c3307c92)
2021-02-26T19:46:42.6674752+02:00  [INF] Content root path: "/home/endorsed/code/learner_portal" (b5d60022)
2021-02-26T19:47:15.7141505+02:00  [INF] Application is shutting down... (90f52c38)
2021-02-26T19:47:25.4952113+02:00  [INF] Now listening on: "https://localhost:5001" (d826f4b8)
2021-02-26T19:47:25.4976235+02:00  [INF] Now listening on: "http://localhost:5000" (d826f4b8)
2021-02-26T19:47:25.4977758+02:00  [INF] Application started. Press Ctrl+C to shut down. (dcaefe54)
2021-02-26T19:47:25.4978336+02:00  [INF] Hosting environment: "Production" (c3307c92)
2021-02-26T19:47:25.4978536+02:00  [INF] Content root path: "/home/endorsed/code/learner_portal" (b5d60022)
2021-02-26T21:38:44.2771563+02:00  [INF] Application is shutting down... (90f52c38)
2021-02-26T21:50:46.5081907+02:00  [INF] Now listening on: "https://localhost:5001" (d826f4b8)
2021-02-26T21:50:46.5105160+02:00  [INF] Now listening on: "http://localhost:5000" (d826f4b8)
2021-02-26T21:50:46.5106982+02:00  [INF] Application started. Press Ctrl+C to shut down. (dcaefe54)
2021-02-26T21:50:46.5107268+02:00  [INF] Hosting environment: "Production" (c3307c92)
2021-02-26T21:50:46.5107547+02:00  [INF] Content root path: "/home/endorsed/code/learner_portal" (b5d60022)
2021-02-26T21:51:01.8536503+02:00  [INF] Application is shutting down... (90f52c38)
2021-02-26T21:51:11.0133004+02:00  [INF] Now listening on: "https://localhost:5001" (d826f4b8)
2021-02-26T21:51:11.0159465+02:00  [INF] Now listening on: "http://localhost:5000" (d826f4b8)
2021-02-26T21:51:11.0161359+02:00  [INF] Application started. Press Ctrl+C to shut down. (dcaefe54)
2021-02-26T21:51:11.0161782+02:00  [INF] Hosting environment: "Production" (c3307c92)
2021-02-26T21:51:11.0161990+02:00  [INF] Content root path: "/home/endorsed/code/learner_portal" (b5d60022)
2021-02-26T21:51:33.7546063+02:00  [INF] Application is shutting down... (90f52c38)
2021-02-26T22:05:42.1136081+02:00  [INF] Now listening on: "https://localhost:5001" (d826f4b8)
2021-02-26T22:05:42.1159754+02:00  [INF] Now listening on: "http://localhost:5000" (d826f4b8)
2021-02-26T22:05:42.1162026+02:00  [INF] Application started. Press Ctrl+C to shut down. (dcaefe54)
2021-02-26T22:05:42.1162351+02:00  [INF] Hosting environment: "Production" (c3307c92)
2021-02-26T22:05:42.1162557+02:00  [INF] Content root path: "/home/endorsed/code/learner_portal" (b5d60022)
2021-02-26T22:06:44.0518067+02:00  [INF] Application is shutting down... (90f52c38)
2021-02-26T22:06:54.9490944+02:00  [INF] Now listening on: "https://localhost:5001" (d826f4b8)
2021-02-26T22:06:54.9519511+02:00  [INF] Now listening on: "http://localhost:5000" (d826f4b8)
2021-02-26T22:06:54.9520908+02:00  [INF] Application started. Press Ctrl+C to shut down. (dcaefe54)
2021-02-26T22:06:54.9521220+02:00  [INF] Hosting environment: "Production" (c3307c92)
2021-02-26T22:06:54.9521492+02:00  [INF] Content root path: "/home/endorsed/code/learner_portal" (b5d60022)
2021-02-26T22:09:27.4625055+02:00  [INF] Application is shutting down... (90f52c38)
2021-02-26T22:09:46.4526681+02:00  [INF] Now listening on: "https://localhost:5001" (d826f4b8)
2021-02-26T22:09:46.4549557+02:00  [INF] Now listening on: "http://localhost:5000" (d826f4b8)
2021-02-26T22:09:46.4551303+02:00  [INF] Application started. Press Ctrl+C to shut down. (dcaefe54)
2021-02-26T22:09:46.4551579+02:00  [INF] Hosting environment: "Production" (c3307c92)
2021-02-26T22:09:46.4551832+02:00  [INF] Content root path: "/home/endorsed/code/learner_portal" (b5d60022)
2021-02-26T22:11:35.8836250+02:00  [INF] Application is shutting down... (90f52c38)
2021-02-26T22:16:53.7550811+02:00  [INF] Now listening on: "https://localhost:5001" (d826f4b8)
2021-02-26T22:16:53.7575013+02:00  [INF] Now listening on: "http://localhost:5000" (d826f4b8)
2021-02-26T22:16:53.7576459+02:00  [INF] Application started. Press Ctrl+C to shut down. (dcaefe54)
2021-02-26T22:16:53.7576751+02:00  [INF] Hosting environment: "Production" (c3307c92)
2021-02-26T22:16:53.7576961+02:00  [INF] Content root path: "/home/endorsed/code/learner_portal" (b5d60022)
2021-02-26T22:16:56.9601698+02:00  [INF] Application is shutting down... (90f52c38)
2021-02-26T22:17:05.6991526+02:00  [INF] Now listening on: "https://localhost:5001" (d826f4b8)
2021-02-26T22:17:05.7015126+02:00  [INF] Now listening on: "http://localhost:5000" (d826f4b8)
2021-02-26T22:17:05.7016572+02:00  [INF] Application started. Press Ctrl+C to shut down. (dcaefe54)
2021-02-26T22:17:05.7016880+02:00  [INF] Hosting environment: "Production" (c3307c92)
2021-02-26T22:17:05.7017090+02:00  [INF] Content root path: "/home/endorsed/code/learner_portal" (b5d60022)
2021-02-26T22:21:02.7915041+02:00  [INF] Application is shutting down... (90f52c38)
2021-02-26T22:21:12.2230531+02:00  [INF] Now listening on: "https://localhost:5001" (d826f4b8)
2021-02-26T22:21:12.2254082+02:00  [INF] Now listening on: "http://localhost:5000" (d826f4b8)
2021-02-26T22:21:12.2255807+02:00  [INF] Application started. Press Ctrl+C to shut down. (dcaefe54)
2021-02-26T22:21:12.2256100+02:00  [INF] Hosting environment: "Production" (c3307c92)
2021-02-26T22:21:12.2256304+02:00  [INF] Content root path: "/home/endorsed/code/learner_portal" (b5d60022)
2021-02-26T22:22:13.5567850+02:00  [INF] Application is shutting down... (90f52c38)
2021-02-26T22:22:22.6038169+02:00  [INF] Now listening on: "https://localhost:5001" (d826f4b8)
2021-02-26T22:22:22.6063127+02:00  [INF] Now listening on: "http://localhost:5000" (d826f4b8)
2021-02-26T22:22:22.6064501+02:00  [INF] Application started. Press Ctrl+C to shut down. (dcaefe54)
2021-02-26T22:22:22.6064904+02:00  [INF] Hosting environment: "Production" (c3307c92)
2021-02-26T22:22:22.6065103+02:00  [INF] Content root path: "/home/endorsed/code/learner_portal" (b5d60022)
2021-02-26T22:22:23.3772675+02:00  [INF] Application is shutting down... (90f52c38)
2021-02-26T22:22:44.2118329+02:00  [INF] Now listening on: "https://localhost:5001" (d826f4b8)
2021-02-26T22:22:44.2141743+02:00  [INF] Now listening on: "http://localhost:5000" (d826f4b8)
2021-02-26T22:22:44.2143082+02:00  [INF] Application started. Press Ctrl+C to shut down. (dcaefe54)
2021-02-26T22:22:44.2143407+02:00  [INF] Hosting environment: "Production" (c3307c92)
2021-02-26T22:22:44.2143598+02:00  [INF] Content root path: "/home/endorsed/code/learner_portal" (b5d60022)
2021-02-26T22:22:44.8653039+02:00  [INF] Application is shutting down... (90f52c38)
2021-02-26T22:22:59.2884582+02:00  [INF] Now listening on: "https://localhost:5001" (d826f4b8)
2021-02-26T22:22:59.2908010+02:00  [INF] Now listening on: "http://localhost:5000" (d826f4b8)
2021-02-26T22:22:59.2909428+02:00  [INF] Application started. Press Ctrl+C to shut down. (dcaefe54)
2021-02-26T22:22:59.2909759+02:00  [INF] Hosting environment: "Production" (c3307c92)
2021-02-26T22:22:59.2910039+02:00  [INF] Content root path: "/home/endorsed/code/learner_portal" (b5d60022)
2021-02-26T22:24:15.1523539+02:00  [INF] Application is shutting down... (90f52c38)
